TN:
SF:src/domain/entity/Animal.ts
FN:1,<instance_members_initializer>
FN:8,Animal
FN:15,validate
FN:21,set surname
FN:26,get surname
FN:29,get isPublic
FN:33,makeItPublic
FNF:7
FNH:7
FNDA:6,<instance_members_initializer>
FNDA:6,Animal
FNDA:6,validate
FNDA:2,set surname
FNDA:1,get surname
FNDA:1,get isPublic
FNDA:1,makeItPublic
DA:1,1
DA:2,6
DA:3,6
DA:4,6
DA:5,6
DA:6,6
DA:7,6
DA:8,6
DA:9,6
DA:10,6
DA:11,6
DA:12,6
DA:13,6
DA:14,6
DA:15,6
DA:16,6
DA:17,6
DA:18,6
DA:19,6
DA:20,6
DA:21,6
DA:22,2
DA:23,1
DA:24,1
DA:25,6
DA:26,6
DA:27,1
DA:28,1
DA:29,6
DA:30,1
DA:31,1
DA:32,6
DA:33,6
DA:34,1
DA:35,1
DA:36,6
LF:36
LH:36
BRDA:1,0,0,6
BRDA:8,1,0,6
BRDA:15,2,0,6
BRDA:16,3,0,1
BRDA:16,4,0,5
BRDA:17,5,0,1
BRDA:17,6,0,4
BRDA:18,7,0,1
BRDA:21,8,0,2
BRDA:22,9,0,1
BRDA:26,10,0,1
BRDA:29,11,0,1
BRDA:33,12,0,1
BRF:13
BRH:13
end_of_record
TN:
SF:src/domain/entity/MarketItem.ts
FN:1,<instance_members_initializer>
FN:9,MarketItem
FN:18,validate
FN:30,get description
FN:34,get id
FN:38,changeDescription
FNF:6
FNH:5
FNDA:6,<instance_members_initializer>
FNDA:6,MarketItem
FNDA:8,validate
FNDA:1,get description
FNDA:0,get id
FNDA:2,changeDescription
DA:1,1
DA:2,6
DA:3,6
DA:4,6
DA:5,6
DA:6,6
DA:7,6
DA:8,6
DA:9,6
DA:10,6
DA:11,6
DA:12,6
DA:13,6
DA:14,6
DA:15,6
DA:16,6
DA:17,6
DA:18,6
DA:19,8
DA:20,8
DA:21,8
DA:22,8
DA:23,8
DA:24,8
DA:25,8
DA:26,8
DA:27,8
DA:28,8
DA:29,6
DA:30,6
DA:31,1
DA:32,1
DA:33,6
DA:34,6
DA:35,0
DA:36,0
DA:37,6
DA:38,6
DA:39,2
DA:40,2
DA:41,2
DA:42,6
LF:42
LH:40
BRDA:1,0,0,6
BRDA:9,1,0,6
BRDA:18,2,0,8
BRDA:19,3,0,1
BRDA:19,4,0,7
BRDA:20,5,0,1
BRDA:20,6,0,6
BRDA:21,7,0,1
BRDA:21,8,0,5
BRDA:22,9,0,1
BRDA:22,10,0,4
BRDA:23,11,0,0
BRDA:23,12,0,4
BRDA:24,13,0,2
BRDA:25,14,0,1
BRDA:25,15,0,3
BRDA:26,16,0,0
BRDA:30,17,0,1
BRDA:38,18,0,2
BRF:19
BRH:17
end_of_record
TN:
SF:src/domain/entity/Phone.ts
FN:1,<instance_members_initializer>
FN:7,Phone
FN:15,validate
FN:23,get number
FN:27,get ddd
FN:31,get dateOfCreation
FN:35,get dateOfLastUpdated
FNF:7
FNH:5
FNDA:8,<instance_members_initializer>
FNDA:8,Phone
FNDA:8,validate
FNDA:1,get number
FNDA:4,get ddd
FNDA:0,get dateOfCreation
FNDA:0,get dateOfLastUpdated
DA:1,1
DA:2,8
DA:3,8
DA:4,8
DA:5,8
DA:6,8
DA:7,8
DA:8,8
DA:9,8
DA:10,8
DA:11,8
DA:12,8
DA:13,8
DA:14,8
DA:15,8
DA:16,8
DA:17,8
DA:18,8
DA:19,8
DA:20,8
DA:21,8
DA:22,8
DA:23,8
DA:24,1
DA:25,1
DA:26,8
DA:27,8
DA:28,4
DA:29,4
DA:30,8
DA:31,8
DA:32,0
DA:33,0
DA:34,8
DA:35,8
DA:36,0
DA:37,0
DA:38,8
LF:38
LH:34
BRDA:1,0,0,8
BRDA:7,1,0,8
BRDA:15,2,0,8
BRDA:16,3,0,1
BRDA:16,4,0,7
BRDA:17,5,0,1
BRDA:17,6,0,6
BRDA:18,7,0,1
BRDA:18,8,0,5
BRDA:19,9,0,0
BRDA:19,10,0,5
BRDA:20,11,0,0
BRDA:23,12,0,1
BRDA:27,13,0,4
BRF:14
BRH:12
end_of_record
TN:
SF:src/domain/entity/User.ts
FN:4,<instance_members_initializer>
FN:14,User
FN:31,get name
FN:35,get email
FN:39,get id
FN:43,get password
FN:47,get createdAt
FN:51,get updatedAt
FN:55,get phones
FN:59,validate
FN:66,changeName
FN:71,changeEmail
FN:76,addPhone
FNF:13
FNH:7
FNDA:8,<instance_members_initializer>
FNDA:8,User
FNDA:1,get name
FNDA:1,get email
FNDA:0,get id
FNDA:0,get password
FNDA:0,get createdAt
FNDA:0,get updatedAt
FNDA:0,get phones
FNDA:11,validate
FNDA:2,changeName
FNDA:1,changeEmail
FNDA:0,addPhone
DA:1,1
DA:2,1
DA:3,1
DA:4,1
DA:5,8
DA:6,8
DA:7,8
DA:8,8
DA:9,8
DA:10,8
DA:11,8
DA:12,8
DA:13,8
DA:14,8
DA:15,8
DA:16,8
DA:17,8
DA:18,8
DA:19,8
DA:20,8
DA:21,8
DA:22,8
DA:23,8
DA:24,8
DA:25,8
DA:26,8
DA:27,8
DA:28,8
DA:29,8
DA:30,8
DA:31,8
DA:32,1
DA:33,1
DA:34,8
DA:35,8
DA:36,1
DA:37,1
DA:38,8
DA:39,8
DA:40,0
DA:41,0
DA:42,8
DA:43,8
DA:44,0
DA:45,0
DA:46,8
DA:47,8
DA:48,0
DA:49,0
DA:50,8
DA:51,8
DA:52,0
DA:53,0
DA:54,8
DA:55,8
DA:56,0
DA:57,0
DA:58,8
DA:59,8
DA:60,11
DA:61,11
DA:62,11
DA:63,11
DA:64,11
DA:65,8
DA:66,8
DA:67,2
DA:68,2
DA:69,2
DA:70,8
DA:71,8
DA:72,1
DA:73,1
DA:74,1
DA:75,8
DA:76,8
DA:77,0
DA:78,0
DA:79,0
DA:80,0
DA:81,8
LF:81
LH:67
BRDA:4,0,0,8
BRDA:14,1,0,8
BRDA:31,2,0,1
BRDA:35,3,0,1
BRDA:59,4,0,11
BRDA:60,5,0,1
BRDA:60,6,0,10
BRDA:61,7,0,2
BRDA:61,8,0,8
BRDA:62,9,0,1
BRDA:62,10,0,7
BRDA:63,11,0,1
BRDA:66,12,0,2
BRDA:71,13,0,1
BRF:14
BRH:14
end_of_record
TN:
SF:src/domain/event/@shared/EventDispatcher.ts
FN:5,<instance_members_initializer>
FN:10,get getEventHandlers
FN:15,notify
FN:23,register
FN:32,unregister
FN:43,unregisterAll
FNF:6
FNH:6
FNDA:4,<instance_members_initializer>
FNDA:6,get getEventHandlers
FNDA:1,notify
FNDA:5,register
FNDA:1,unregister
FNDA:1,unregisterAll
DA:1,1
DA:2,1
DA:3,1
DA:4,1
DA:5,1
DA:6,4
DA:7,4
DA:8,4
DA:9,4
DA:10,4
DA:11,6
DA:12,6
DA:13,6
DA:14,6
DA:15,4
DA:16,1
DA:17,1
DA:18,1
DA:19,1
DA:20,1
DA:21,1
DA:22,1
DA:23,4
DA:24,5
DA:25,5
DA:26,5
DA:27,5
DA:28,4
DA:29,4
DA:30,4
DA:31,5
DA:32,4
DA:33,1
DA:34,1
DA:35,1
DA:36,1
DA:37,1
DA:38,1
DA:39,1
DA:40,1
DA:41,1
DA:42,1
DA:43,4
DA:44,1
DA:45,1
DA:46,4
LF:46
LH:46
BRDA:5,0,0,4
BRDA:10,1,0,6
BRDA:15,2,0,1
BRDA:18,3,0,1
BRDA:23,4,0,5
BRDA:27,5,0,4
BRDA:32,6,0,1
BRDA:43,7,0,1
BRF:8
BRH:8
end_of_record
TN:
SF:src/domain/event/user/UserCreated.event.ts
FN:4,<instance_members_initializer>
FN:8,UserCreatedEvent
FNF:2
FNH:2
FNDA:1,<instance_members_initializer>
FNDA:1,UserCreatedEvent
DA:1,1
DA:2,1
DA:3,1
DA:4,1
DA:5,1
DA:6,1
DA:7,1
DA:8,1
DA:9,1
DA:10,1
DA:11,1
DA:12,1
DA:13,1
LF:13
LH:13
BRDA:4,0,0,1
BRDA:8,1,0,1
BRF:2
BRH:2
end_of_record
TN:
SF:src/domain/event/user/handler/SendEmailWhenUserIsCreated.handler.ts
FN:5,handle
FNF:1
FNH:1
FNDA:1,handle
DA:1,1
DA:2,1
DA:3,1
DA:4,1
DA:5,1
DA:6,1
DA:7,1
DA:8,1
LF:8
LH:8
BRDA:5,0,0,1
BRF:1
BRH:1
end_of_record
