TN:
SF:src/domain/@shared/event/EventDispatcher.ts
FN:5,<instance_members_initializer>
FN:10,get getEventHandlers
FN:15,notify
FN:23,register
FN:32,unregister
FN:43,unregisterAll
FNF:6
FNH:6
FNDA:4,<instance_members_initializer>
FNDA:6,get getEventHandlers
FNDA:1,notify
FNDA:5,register
FNDA:1,unregister
FNDA:1,unregisterAll
DA:1,1
DA:2,1
DA:3,1
DA:4,1
DA:5,1
DA:6,4
DA:7,4
DA:8,4
DA:9,4
DA:10,4
DA:11,6
DA:12,6
DA:13,6
DA:14,6
DA:15,4
DA:16,1
DA:17,1
DA:18,1
DA:19,1
DA:20,1
DA:21,1
DA:22,1
DA:23,4
DA:24,5
DA:25,5
DA:26,5
DA:27,5
DA:28,4
DA:29,4
DA:30,4
DA:31,5
DA:32,4
DA:33,1
DA:34,1
DA:35,1
DA:36,1
DA:37,1
DA:38,1
DA:39,1
DA:40,1
DA:41,1
DA:42,1
DA:43,4
DA:44,1
DA:45,1
DA:46,4
LF:46
LH:46
BRDA:5,0,0,4
BRDA:10,1,0,6
BRDA:15,2,0,1
BRDA:18,3,0,1
BRDA:23,4,0,5
BRDA:27,5,0,4
BRDA:32,6,0,1
BRDA:43,7,0,1
BRF:8
BRH:8
end_of_record
TN:
SF:src/domain/@shared/notification/Notification.ts
FN:6,<instance_members_initializer>
FN:9,addError
FN:13,messages
FNF:3
FNH:3
FNDA:1,<instance_members_initializer>
FNDA:3,addError
FNDA:3,messages
DA:1,1
DA:2,1
DA:3,1
DA:4,1
DA:5,1
DA:6,1
DA:7,1
DA:8,1
DA:9,1
DA:10,3
DA:11,3
DA:12,1
DA:13,1
DA:14,3
DA:15,3
DA:16,6
DA:17,6
DA:18,6
DA:19,3
DA:20,3
DA:21,3
DA:22,1
LF:22
LH:22
BRDA:6,0,0,1
BRDA:9,1,0,3
BRDA:13,2,0,3
BRDA:15,3,0,6
BRDA:17,4,0,5
BRF:5
BRH:5
end_of_record
TN:
SF:src/domain/animal/entity/Animal.ts
FN:6,<instance_members_initializer>
FN:17,Animal
FN:32,validate
FN:38,set surname
FN:44,set idFather
FN:50,set IdMother
FN:56,set breed
FN:61,get surname
FN:64,get isPublic
FN:68,get dateOfBirth
FN:72,get id
FN:76,get ownerId
FN:80,get breed
FN:84,get type
FN:88,get fatherId
FN:91,get motherId
FN:95,makeItPublic
FNF:17
FNH:9
FNDA:8,<instance_members_initializer>
FNDA:8,Animal
FNDA:8,validate
FNDA:3,set surname
FNDA:2,set idFather
FNDA:0,set IdMother
FNDA:2,set breed
FNDA:3,get surname
FNDA:1,get isPublic
FNDA:0,get dateOfBirth
FNDA:0,get id
FNDA:0,get ownerId
FNDA:0,get breed
FNDA:0,get type
FNDA:0,get fatherId
FNDA:0,get motherId
FNDA:1,makeItPublic
DA:1,1
DA:2,1
DA:3,1
DA:4,1
DA:5,1
DA:6,1
DA:7,8
DA:8,8
DA:9,8
DA:10,8
DA:11,8
DA:12,8
DA:13,8
DA:14,8
DA:15,8
DA:16,8
DA:17,8
DA:18,8
DA:19,8
DA:20,8
DA:21,8
DA:22,8
DA:23,8
DA:24,8
DA:25,8
DA:26,8
DA:27,8
DA:28,8
DA:29,8
DA:30,8
DA:31,8
DA:32,8
DA:33,8
DA:34,8
DA:35,8
DA:36,8
DA:37,8
DA:38,8
DA:39,3
DA:40,3
DA:41,2
DA:42,2
DA:43,8
DA:44,8
DA:45,2
DA:46,2
DA:47,2
DA:48,2
DA:49,8
DA:50,8
DA:51,0
DA:52,0
DA:53,0
DA:54,0
DA:55,8
DA:56,8
DA:57,2
DA:58,2
DA:59,2
DA:60,8
DA:61,8
DA:62,3
DA:63,3
DA:64,8
DA:65,1
DA:66,1
DA:67,8
DA:68,8
DA:69,0
DA:70,0
DA:71,8
DA:72,8
DA:73,0
DA:74,0
DA:75,8
DA:76,8
DA:77,0
DA:78,0
DA:79,8
DA:80,8
DA:81,0
DA:82,0
DA:83,8
DA:84,8
DA:85,0
DA:86,0
DA:87,8
DA:88,8
DA:89,0
DA:90,0
DA:91,8
DA:92,0
DA:93,0
DA:94,8
DA:95,8
DA:96,1
DA:97,1
DA:98,8
LF:98
LH:80
BRDA:1,0,0,2
BRDA:6,1,0,8
BRDA:17,2,0,8
BRDA:32,3,0,8
BRDA:33,4,0,1
BRDA:33,5,0,7
BRDA:34,6,0,1
BRDA:34,7,0,6
BRDA:35,8,0,1
BRDA:38,9,0,3
BRDA:39,10,0,0
BRDA:40,11,0,2
BRDA:40,12,0,1
BRDA:44,13,0,2
BRDA:45,14,0,0
BRDA:46,15,0,0
BRDA:56,16,0,2
BRDA:57,17,0,0
BRDA:61,18,0,3
BRDA:64,19,0,1
BRDA:95,20,0,1
BRF:21
BRH:17
end_of_record
TN:
SF:src/domain/animal/factory/AnimalFactory.ts
FN:15,createNewAnimal
FNF:1
FNH:1
FNDA:2,createNewAnimal
DA:1,1
DA:2,1
DA:3,1
DA:4,1
DA:5,1
DA:6,1
DA:7,1
DA:8,1
DA:9,1
DA:10,1
DA:11,1
DA:12,1
DA:13,1
DA:14,1
DA:15,1
DA:16,2
DA:17,2
DA:18,2
DA:19,2
DA:20,2
DA:21,2
DA:22,2
DA:23,2
DA:24,2
DA:25,2
DA:26,2
DA:27,2
DA:28,2
DA:29,2
DA:30,2
DA:31,2
DA:32,2
DA:33,2
DA:34,1
LF:34
LH:34
BRDA:15,0,0,2
BRDA:27,1,0,1
BRDA:29,2,0,0
BRF:3
BRH:2
end_of_record
TN:
SF:src/domain/market/entity/MarketItem.ts
FN:1,<instance_members_initializer>
FN:9,MarketItem
FN:18,validate
FN:30,get description
FN:34,get id
FN:38,changeDescription
FNF:6
FNH:5
FNDA:6,<instance_members_initializer>
FNDA:6,MarketItem
FNDA:8,validate
FNDA:1,get description
FNDA:0,get id
FNDA:2,changeDescription
DA:1,1
DA:2,6
DA:3,6
DA:4,6
DA:5,6
DA:6,6
DA:7,6
DA:8,6
DA:9,6
DA:10,6
DA:11,6
DA:12,6
DA:13,6
DA:14,6
DA:15,6
DA:16,6
DA:17,6
DA:18,6
DA:19,8
DA:20,8
DA:21,8
DA:22,8
DA:23,8
DA:24,8
DA:25,8
DA:26,8
DA:27,8
DA:28,8
DA:29,6
DA:30,6
DA:31,1
DA:32,1
DA:33,6
DA:34,6
DA:35,0
DA:36,0
DA:37,6
DA:38,6
DA:39,2
DA:40,2
DA:41,2
DA:42,6
LF:42
LH:40
BRDA:1,0,0,6
BRDA:9,1,0,6
BRDA:18,2,0,8
BRDA:19,3,0,1
BRDA:19,4,0,7
BRDA:20,5,0,1
BRDA:20,6,0,6
BRDA:21,7,0,1
BRDA:21,8,0,5
BRDA:22,9,0,1
BRDA:22,10,0,4
BRDA:23,11,0,0
BRDA:23,12,0,4
BRDA:24,13,0,2
BRDA:25,14,0,1
BRDA:25,15,0,3
BRDA:26,16,0,0
BRDA:30,17,0,1
BRDA:38,18,0,2
BRF:19
BRH:17
end_of_record
TN:
SF:src/domain/user/entity/Phone.ts
FN:1,<instance_members_initializer>
FN:7,Phone
FN:15,validate
FN:23,get number
FN:27,get ddd
FN:31,get dateOfCreation
FN:35,get dateOfLastUpdated
FNF:7
FNH:5
FNDA:8,<instance_members_initializer>
FNDA:8,Phone
FNDA:8,validate
FNDA:1,get number
FNDA:4,get ddd
FNDA:0,get dateOfCreation
FNDA:0,get dateOfLastUpdated
DA:1,1
DA:2,8
DA:3,8
DA:4,8
DA:5,8
DA:6,8
DA:7,8
DA:8,8
DA:9,8
DA:10,8
DA:11,8
DA:12,8
DA:13,8
DA:14,8
DA:15,8
DA:16,8
DA:17,8
DA:18,8
DA:19,8
DA:20,8
DA:21,8
DA:22,8
DA:23,8
DA:24,1
DA:25,1
DA:26,8
DA:27,8
DA:28,4
DA:29,4
DA:30,8
DA:31,8
DA:32,0
DA:33,0
DA:34,8
DA:35,8
DA:36,0
DA:37,0
DA:38,8
DA:39,8
DA:40,8
LF:40
LH:36
BRDA:1,0,0,8
BRDA:7,1,0,8
BRDA:15,2,0,8
BRDA:16,3,0,1
BRDA:16,4,0,7
BRDA:17,5,0,1
BRDA:17,6,0,6
BRDA:18,7,0,1
BRDA:18,8,0,5
BRDA:19,9,0,0
BRDA:19,10,0,5
BRDA:20,11,0,0
BRDA:23,12,0,1
BRDA:27,13,0,4
BRF:14
BRH:12
end_of_record
TN:
SF:src/domain/user/entity/User.ts
FN:4,<instance_members_initializer>
FN:14,User
FN:31,get name
FN:35,get email
FN:39,get id
FN:43,get password
FN:47,get createdAt
FN:51,get updatedAt
FN:55,get phones
FN:59,validate
FN:66,changeName
FN:71,changeEmail
FN:76,addPhone
FNF:13
FNH:13
FNDA:16,<instance_members_initializer>
FNDA:16,User
FNDA:9,get name
FNDA:9,get email
FNDA:8,get id
FNDA:3,get password
FNDA:5,get createdAt
FNDA:5,get updatedAt
FNDA:1,get phones
FNDA:19,validate
FNDA:2,changeName
FNDA:1,changeEmail
FNDA:1,addPhone
DA:1,1
DA:2,1
DA:3,1
DA:4,1
DA:5,16
DA:6,16
DA:7,16
DA:8,16
DA:9,16
DA:10,16
DA:11,16
DA:12,16
DA:13,16
DA:14,16
DA:15,16
DA:16,16
DA:17,16
DA:18,16
DA:19,16
DA:20,16
DA:21,16
DA:22,16
DA:23,16
DA:24,16
DA:25,16
DA:26,16
DA:27,16
DA:28,16
DA:29,16
DA:30,16
DA:31,16
DA:32,9
DA:33,9
DA:34,16
DA:35,16
DA:36,9
DA:37,9
DA:38,16
DA:39,16
DA:40,8
DA:41,8
DA:42,16
DA:43,16
DA:44,3
DA:45,3
DA:46,16
DA:47,16
DA:48,5
DA:49,5
DA:50,16
DA:51,16
DA:52,5
DA:53,5
DA:54,16
DA:55,16
DA:56,1
DA:57,1
DA:58,16
DA:59,16
DA:60,19
DA:61,19
DA:62,19
DA:63,19
DA:64,19
DA:65,16
DA:66,16
DA:67,2
DA:68,2
DA:69,2
DA:70,16
DA:71,16
DA:72,1
DA:73,1
DA:74,1
DA:75,16
DA:76,16
DA:77,1
DA:78,0
DA:79,0
DA:80,1
DA:81,16
LF:81
LH:79
BRDA:4,0,0,16
BRDA:14,1,0,16
BRDA:31,2,0,9
BRDA:35,3,0,9
BRDA:39,4,0,8
BRDA:43,5,0,3
BRDA:47,6,0,5
BRDA:51,7,0,5
BRDA:55,8,0,1
BRDA:59,9,0,19
BRDA:60,10,0,1
BRDA:60,11,0,18
BRDA:61,12,0,2
BRDA:61,13,0,16
BRDA:62,14,0,1
BRDA:62,15,0,15
BRDA:63,16,0,1
BRDA:66,17,0,2
BRDA:71,18,0,1
BRDA:76,19,0,1
BRDA:77,20,0,0
BRF:21
BRH:20
end_of_record
TN:
SF:src/domain/user/events/UserCreated.event.ts
FN:4,<instance_members_initializer>
FN:8,UserCreatedEvent
FNF:2
FNH:2
FNDA:1,<instance_members_initializer>
FNDA:1,UserCreatedEvent
DA:1,1
DA:2,1
DA:3,1
DA:4,1
DA:5,1
DA:6,1
DA:7,1
DA:8,1
DA:9,1
DA:10,1
DA:11,1
DA:12,1
DA:13,1
LF:13
LH:13
BRDA:4,0,0,1
BRDA:8,1,0,1
BRF:2
BRH:2
end_of_record
TN:
SF:src/domain/user/events/handler/SendEmailWhenUserIsCreated.handler.ts
FN:5,handle
FNF:1
FNH:1
FNDA:1,handle
DA:1,1
DA:2,1
DA:3,1
DA:4,1
DA:5,1
DA:6,1
DA:7,1
DA:8,1
LF:8
LH:8
BRDA:5,0,0,1
BRF:1
BRH:1
end_of_record
TN:
SF:src/domain/user/factory/UserFactory.ts
FN:5,createNewUser
FNF:1
FNH:1
FNDA:3,createNewUser
DA:1,1
DA:2,1
DA:3,1
DA:4,1
DA:5,1
DA:6,3
DA:7,3
DA:8,1
LF:8
LH:8
BRDA:5,0,0,3
BRF:1
BRH:1
end_of_record
TN:
SF:src/infra/user/repository/UserRepository.ts
FN:7,findByEmail
FN:20,create
FN:60,update
FN:68,find
FN:100,findAll
FNF:5
FNH:1
FNDA:0,findByEmail
FNDA:1,create
FNDA:0,update
FNDA:0,find
FNDA:0,findAll
DA:1,1
DA:2,1
DA:3,1
DA:4,1
DA:5,1
DA:6,1
DA:7,1
DA:8,0
DA:9,0
DA:10,0
DA:11,0
DA:12,0
DA:13,0
DA:14,0
DA:15,0
DA:16,0
DA:17,0
DA:18,0
DA:19,0
DA:20,1
DA:21,1
DA:22,1
DA:23,1
DA:24,1
DA:25,1
DA:26,1
DA:27,1
DA:28,1
DA:29,1
DA:30,1
DA:31,1
DA:32,0
DA:33,0
DA:34,0
DA:35,0
DA:36,1
DA:37,1
DA:38,1
DA:39,1
DA:40,1
DA:41,1
DA:42,1
DA:43,1
DA:44,1
DA:45,1
DA:46,1
DA:47,1
DA:48,1
DA:49,1
DA:50,1
DA:51,1
DA:52,1
DA:53,1
DA:54,1
DA:55,1
DA:56,1
DA:57,1
DA:58,1
DA:59,1
DA:60,1
DA:61,0
DA:62,0
DA:63,0
DA:64,0
DA:65,0
DA:66,0
DA:67,0
DA:68,1
DA:69,0
DA:70,0
DA:71,0
DA:72,0
DA:73,0
DA:74,0
DA:75,0
DA:76,0
DA:77,0
DA:78,0
DA:79,0
DA:80,0
DA:81,0
DA:82,0
DA:83,0
DA:84,0
DA:85,0
DA:86,0
DA:87,0
DA:88,0
DA:89,0
DA:90,0
DA:91,0
DA:92,0
DA:93,0
DA:94,0
DA:95,0
DA:96,0
DA:97,0
DA:98,0
DA:99,0
DA:100,1
DA:101,0
DA:102,0
DA:103,1
LF:103
LH:47
BRDA:20,0,0,1
BRDA:53,1,0,0
BRF:2
BRH:1
end_of_record
TN:
SF:src/usecase/user/create/CreateUseUseCase.ts
FN:6,<instance_members_initializer>
FN:7,CreateUserUseCase
FN:8,execute
FNF:3
FNH:3
FNDA:1,<instance_members_initializer>
FNDA:1,CreateUserUseCase
FNDA:1,execute
DA:1,1
DA:2,1
DA:3,1
DA:4,1
DA:5,1
DA:6,1
DA:7,1
DA:8,1
DA:9,1
DA:10,1
DA:11,1
DA:12,1
DA:13,1
DA:14,1
DA:15,1
DA:16,1
DA:17,1
DA:18,1
DA:19,1
DA:20,1
DA:21,1
DA:22,1
DA:23,1
DA:24,1
DA:25,1
DA:26,1
LF:26
LH:26
BRDA:6,0,0,1
BRDA:7,1,0,1
BRDA:8,2,0,1
BRDA:16,3,0,0
BRF:4
BRH:3
end_of_record
TN:
SF:src/usecase/user/find/FindUserUsecase.ts
FN:5,<instance_members_initializer>
FN:8,FindUserUseCase
FN:12,execute
FNF:3
FNH:3
FNDA:2,<instance_members_initializer>
FNDA:2,FindUserUseCase
FNDA:2,execute
DA:1,1
DA:2,1
DA:3,1
DA:4,1
DA:5,1
DA:6,2
DA:7,2
DA:8,2
DA:9,2
DA:10,2
DA:11,2
DA:12,2
DA:13,2
DA:14,1
DA:15,1
DA:16,1
DA:17,1
DA:18,1
DA:19,1
DA:20,1
DA:21,1
DA:22,1
DA:23,2
LF:23
LH:23
BRDA:5,0,0,2
BRDA:8,1,0,2
BRDA:12,2,0,2
BRDA:13,3,0,1
BRF:4
BRH:4
end_of_record
TN:
SF:src/usecase/user/update/UpdateUseCase.ts
FN:6,<instance_members_initializer>
FN:7,UpdateUserUseCase
FN:8,execute
FNF:3
FNH:3
FNDA:1,<instance_members_initializer>
FNDA:1,UpdateUserUseCase
FNDA:1,execute
DA:1,1
DA:2,1
DA:3,1
DA:4,1
DA:5,1
DA:6,1
DA:7,1
DA:8,1
DA:9,1
DA:10,1
DA:11,1
DA:12,1
DA:13,1
DA:14,1
DA:15,1
DA:16,1
DA:17,1
DA:18,1
DA:19,1
DA:20,1
DA:21,1
DA:22,1
DA:23,1
DA:24,1
LF:24
LH:24
BRDA:6,0,0,1
BRDA:7,1,0,1
BRDA:8,2,0,1
BRDA:10,3,0,0
BRF:4
BRH:3
end_of_record
